2020-05-19T17:46:46.014054+09:00 0 [Warning] [MY-011070] [Server] 'Disabling symbolic links using --skip-symbolic-links (or equivalent) is the default. Consider not using this option as it' is deprecated and will be removed in a future release.
2020-05-19T17:46:46.014329+09:00 0 [System] [MY-013169] [Server] /usr/sbin/mysqld (mysqld 8.0.20) initializing of server in progress as process 45
2020-05-19T17:46:46.048963+09:00 1 [System] [MY-013576] [InnoDB] InnoDB initialization has started.
2020-05-19T17:46:46.680299+09:00 1 [System] [MY-013577] [InnoDB] InnoDB initialization has ended.
2020-05-19T17:46:48.148569+09:00 6 [Warning] [MY-010453] [Server] root@localhost is created with an empty password ! Please consider switching off the --initialize-insecure option.
2020-05-19T17:46:54.462998+09:00 0 [Warning] [MY-011070] [Server] 'Disabling symbolic links using --skip-symbolic-links (or equivalent) is the default. Consider not using this option as it' is deprecated and will be removed in a future release.
2020-05-19T17:46:54.463311+09:00 0 [System] [MY-010116] [Server] /usr/sbin/mysqld (mysqld 8.0.20) starting as process 92
2020-05-19T17:46:54.494327+09:00 1 [System] [MY-013576] [InnoDB] InnoDB initialization has started.
2020-05-19T17:46:54.833653+09:00 1 [System] [MY-013577] [InnoDB] InnoDB initialization has ended.
2020-05-19T17:46:54.980724+09:00 0 [System] [MY-011323] [Server] X Plugin ready for connections. Socket: '/var/run/mysqld/mysqlx.sock'
2020-05-19T17:46:55.161577+09:00 0 [Warning] [MY-010068] [Server] CA certificate ca.pem is self signed.
2020-05-19T17:46:55.163904+09:00 0 [Warning] [MY-011810] [Server] Insecure configuration for --pid-file: Location '/var/run/mysqld' in the path is accessible to all OS users. Consider choosing a different directory.
2020-05-19T17:46:55.206178+09:00 0 [System] [MY-010931] [Server] /usr/sbin/mysqld: ready for connections. Version: '8.0.20'  socket: '/var/run/mysqld/mysqld.sock'  port: 0  MySQL Community Server - GPL.
2020-05-19T17:47:02.639520+09:00 14 [System] [MY-013172] [Server] Received SHUTDOWN from user root. Shutting down mysqld (Version: 8.0.20).
2020-05-19T17:47:04.382515+09:00 0 [System] [MY-010910] [Server] /usr/sbin/mysqld: Shutdown complete (mysqld 8.0.20)  MySQL Community Server - GPL.
2020-05-19T17:47:04.907404+09:00 0 [Warning] [MY-011070] [Server] 'Disabling symbolic links using --skip-symbolic-links (or equivalent) is the default. Consider not using this option as it' is deprecated and will be removed in a future release.
2020-05-19T17:47:04.907593+09:00 0 [System] [MY-010116] [Server] /usr/sbin/mysqld (mysqld 8.0.20) starting as process 1
2020-05-19T17:47:04.922996+09:00 1 [System] [MY-013576] [InnoDB] InnoDB initialization has started.
2020-05-19T17:47:05.154137+09:00 1 [System] [MY-013577] [InnoDB] InnoDB initialization has ended.
2020-05-19T17:47:05.283389+09:00 0 [System] [MY-011323] [Server] X Plugin ready for connections. Socket: '/var/run/mysqld/mysqlx.sock' bind-address: '::' port: 33060
2020-05-19T17:47:05.429651+09:00 0 [Warning] [MY-010068] [Server] CA certificate ca.pem is self signed.
2020-05-19T17:47:05.432637+09:00 0 [Warning] [MY-011810] [Server] Insecure configuration for --pid-file: Location '/var/run/mysqld' in the path is accessible to all OS users. Consider choosing a different directory.
2020-05-19T17:47:05.462144+09:00 0 [System] [MY-010931] [Server] /usr/sbin/mysqld: ready for connections. Version: '8.0.20'  socket: '/var/run/mysqld/mysqld.sock'  port: 3306  MySQL Community Server - GPL.
2020-06-12T08:57:01.170087+09:00 0 [Warning] [MY-011070] [Server] 'Disabling symbolic links using --skip-symbolic-links (or equivalent) is the default. Consider not using this option as it' is deprecated and will be removed in a future release.
2020-06-12T08:57:01.170214+09:00 0 [System] [MY-010116] [Server] /usr/sbin/mysqld (mysqld 8.0.20) starting as process 1
2020-06-12T08:57:01.187669+09:00 1 [System] [MY-013576] [InnoDB] InnoDB initialization has started.
2020-06-12T08:57:01.492022+09:00 1 [System] [MY-013577] [InnoDB] InnoDB initialization has ended.
2020-06-12T08:57:01.626290+09:00 0 [System] [MY-011323] [Server] X Plugin ready for connections. Socket: '/var/run/mysqld/mysqlx.sock' bind-address: '::' port: 33060
2020-06-12T08:57:01.679961+09:00 0 [Warning] [MY-010068] [Server] CA certificate ca.pem is self signed.
2020-06-12T08:57:01.683024+09:00 0 [Warning] [MY-011810] [Server] Insecure configuration for --pid-file: Location '/var/run/mysqld' in the path is accessible to all OS users. Consider choosing a different directory.
2020-06-12T08:57:01.717279+09:00 0 [System] [MY-010931] [Server] /usr/sbin/mysqld: ready for connections. Version: '8.0.20'  socket: '/var/run/mysqld/mysqld.sock'  port: 3306  MySQL Community Server - GPL.
2020-06-17T06:24:13.965035+09:00 0 [Warning] [MY-011070] [Server] 'Disabling symbolic links using --skip-symbolic-links (or equivalent) is the default. Consider not using this option as it' is deprecated and will be removed in a future release.
2020-06-17T06:24:13.965152+09:00 0 [System] [MY-010116] [Server] /usr/sbin/mysqld (mysqld 8.0.20) starting as process 1
2020-06-17T06:24:13.989403+09:00 1 [System] [MY-013576] [InnoDB] InnoDB initialization has started.
2020-06-17T06:24:14.402934+09:00 1 [System] [MY-013577] [InnoDB] InnoDB initialization has ended.
2020-06-17T06:24:14.537926+09:00 0 [System] [MY-011323] [Server] X Plugin ready for connections. Socket: '/var/run/mysqld/mysqlx.sock' bind-address: '::' port: 33060
2020-06-17T06:24:14.599702+09:00 0 [Warning] [MY-010068] [Server] CA certificate ca.pem is self signed.
2020-06-17T06:24:14.603063+09:00 0 [Warning] [MY-011810] [Server] Insecure configuration for --pid-file: Location '/var/run/mysqld' in the path is accessible to all OS users. Consider choosing a different directory.
2020-06-17T06:24:14.640711+09:00 0 [System] [MY-010931] [Server] /usr/sbin/mysqld: ready for connections. Version: '8.0.20'  socket: '/var/run/mysqld/mysqld.sock'  port: 3306  MySQL Community Server - GPL.
2020-06-23T09:57:37.135676+09:00 0 [Warning] [MY-011070] [Server] 'Disabling symbolic links using --skip-symbolic-links (or equivalent) is the default. Consider not using this option as it' is deprecated and will be removed in a future release.
2020-06-23T09:57:37.135884+09:00 0 [System] [MY-010116] [Server] /usr/sbin/mysqld (mysqld 8.0.20) starting as process 1
2020-06-23T09:57:37.171266+09:00 1 [System] [MY-013576] [InnoDB] InnoDB initialization has started.
2020-06-23T09:57:37.661061+09:00 1 [System] [MY-013577] [InnoDB] InnoDB initialization has ended.
2020-06-23T09:57:37.890390+09:00 0 [System] [MY-011323] [Server] X Plugin ready for connections. Socket: '/var/run/mysqld/mysqlx.sock' bind-address: '::' port: 33060
2020-06-23T09:57:38.027490+09:00 0 [Warning] [MY-010068] [Server] CA certificate ca.pem is self signed.
2020-06-23T09:57:38.031388+09:00 0 [Warning] [MY-011810] [Server] Insecure configuration for --pid-file: Location '/var/run/mysqld' in the path is accessible to all OS users. Consider choosing a different directory.
2020-06-23T09:57:38.074405+09:00 0 [System] [MY-010931] [Server] /usr/sbin/mysqld: ready for connections. Version: '8.0.20'  socket: '/var/run/mysqld/mysqld.sock'  port: 3306  MySQL Community Server - GPL.
2020-06-23T09:57:51.274172+09:00 0 [System] [MY-010910] [Server] /usr/sbin/mysqld: Shutdown complete (mysqld 8.0.20)  MySQL Community Server - GPL.
2020-06-23T09:58:16.841978+09:00 0 [Warning] [MY-011070] [Server] 'Disabling symbolic links using --skip-symbolic-links (or equivalent) is the default. Consider not using this option as it' is deprecated and will be removed in a future release.
2020-06-23T09:58:16.842170+09:00 0 [System] [MY-010116] [Server] /usr/sbin/mysqld (mysqld 8.0.20) starting as process 1
2020-06-23T09:58:16.857564+09:00 1 [System] [MY-013576] [InnoDB] InnoDB initialization has started.
2020-06-23T09:58:17.081993+09:00 1 [System] [MY-013577] [InnoDB] InnoDB initialization has ended.
2020-06-23T09:58:17.211714+09:00 0 [System] [MY-011323] [Server] X Plugin ready for connections. Socket: '/var/run/mysqld/mysqlx.sock' bind-address: '::' port: 33060
2020-06-23T09:58:17.291789+09:00 0 [Warning] [MY-010068] [Server] CA certificate ca.pem is self signed.
2020-06-23T09:58:17.295224+09:00 0 [Warning] [MY-011810] [Server] Insecure configuration for --pid-file: Location '/var/run/mysqld' in the path is accessible to all OS users. Consider choosing a different directory.
2020-06-23T09:58:17.331432+09:00 0 [System] [MY-010931] [Server] /usr/sbin/mysqld: ready for connections. Version: '8.0.20'  socket: '/var/run/mysqld/mysqld.sock'  port: 3306  MySQL Community Server - GPL.
2020-06-23T11:14:35.376794+09:00 0 [System] [MY-010910] [Server] /usr/sbin/mysqld: Shutdown complete (mysqld 8.0.20)  MySQL Community Server - GPL.
2020-06-23T11:14:45.451161+09:00 0 [Warning] [MY-011070] [Server] 'Disabling symbolic links using --skip-symbolic-links (or equivalent) is the default. Consider not using this option as it' is deprecated and will be removed in a future release.
2020-06-23T11:14:45.451361+09:00 0 [System] [MY-010116] [Server] /usr/sbin/mysqld (mysqld 8.0.20) starting as process 1
2020-06-23T11:14:45.468187+09:00 1 [System] [MY-013576] [InnoDB] InnoDB initialization has started.
2020-06-23T11:14:45.742025+09:00 1 [System] [MY-013577] [InnoDB] InnoDB initialization has ended.
2020-06-23T11:14:45.914862+09:00 0 [System] [MY-011323] [Server] X Plugin ready for connections. Socket: '/var/run/mysqld/mysqlx.sock' bind-address: '::' port: 33060
2020-06-23T11:14:46.001479+09:00 0 [Warning] [MY-010068] [Server] CA certificate ca.pem is self signed.
2020-06-23T11:14:46.007289+09:00 0 [Warning] [MY-011810] [Server] Insecure configuration for --pid-file: Location '/var/run/mysqld' in the path is accessible to all OS users. Consider choosing a different directory.
2020-06-23T11:14:46.065069+09:00 0 [System] [MY-010931] [Server] /usr/sbin/mysqld: ready for connections. Version: '8.0.20'  socket: '/var/run/mysqld/mysqld.sock'  port: 3306  MySQL Community Server - GPL.
2020-06-24T10:50:35.298845+09:00 0 [System] [MY-010910] [Server] /usr/sbin/mysqld: Shutdown complete (mysqld 8.0.20)  MySQL Community Server - GPL.
2020-06-24T10:50:38.932868+09:00 0 [Warning] [MY-011070] [Server] 'Disabling symbolic links using --skip-symbolic-links (or equivalent) is the default. Consider not using this option as it' is deprecated and will be removed in a future release.
2020-06-24T10:50:38.933066+09:00 0 [System] [MY-010116] [Server] /usr/sbin/mysqld (mysqld 8.0.20) starting as process 1
2020-06-24T10:50:38.947861+09:00 1 [System] [MY-013576] [InnoDB] InnoDB initialization has started.
2020-06-24T10:50:39.204763+09:00 1 [System] [MY-013577] [InnoDB] InnoDB initialization has ended.
2020-06-24T10:50:39.345278+09:00 0 [System] [MY-011323] [Server] X Plugin ready for connections. Socket: '/var/run/mysqld/mysqlx.sock' bind-address: '::' port: 33060
2020-06-24T10:50:39.409953+09:00 0 [Warning] [MY-010068] [Server] CA certificate ca.pem is self signed.
2020-06-24T10:50:39.413480+09:00 0 [Warning] [MY-011810] [Server] Insecure configuration for --pid-file: Location '/var/run/mysqld' in the path is accessible to all OS users. Consider choosing a different directory.
2020-06-24T10:50:39.446321+09:00 0 [System] [MY-010931] [Server] /usr/sbin/mysqld: ready for connections. Version: '8.0.20'  socket: '/var/run/mysqld/mysqld.sock'  port: 3306  MySQL Community Server - GPL.
2020-06-24T11:29:56.320821+09:00 0 [System] [MY-010910] [Server] /usr/sbin/mysqld: Shutdown complete (mysqld 8.0.20)  MySQL Community Server - GPL.
2020-06-24T11:30:09.013508+09:00 0 [Warning] [MY-011070] [Server] 'Disabling symbolic links using --skip-symbolic-links (or equivalent) is the default. Consider not using this option as it' is deprecated and will be removed in a future release.
2020-06-24T11:30:09.013758+09:00 0 [System] [MY-010116] [Server] /usr/sbin/mysqld (mysqld 8.0.20) starting as process 1
2020-06-24T11:30:09.030505+09:00 1 [System] [MY-013576] [InnoDB] InnoDB initialization has started.
2020-06-24T11:30:09.241421+09:00 1 [System] [MY-013577] [InnoDB] InnoDB initialization has ended.
2020-06-24T11:30:09.375713+09:00 0 [System] [MY-011323] [Server] X Plugin ready for connections. Socket: '/var/run/mysqld/mysqlx.sock' bind-address: '::' port: 33060
2020-06-24T11:30:09.442387+09:00 0 [Warning] [MY-010068] [Server] CA certificate ca.pem is self signed.
2020-06-24T11:30:09.445861+09:00 0 [Warning] [MY-011810] [Server] Insecure configuration for --pid-file: Location '/var/run/mysqld' in the path is accessible to all OS users. Consider choosing a different directory.
2020-06-24T11:30:09.481207+09:00 0 [System] [MY-010931] [Server] /usr/sbin/mysqld: ready for connections. Version: '8.0.20'  socket: '/var/run/mysqld/mysqld.sock'  port: 3306  MySQL Community Server - GPL.
2020-06-24T11:30:39.616335+09:00 0 [System] [MY-010910] [Server] /usr/sbin/mysqld: Shutdown complete (mysqld 8.0.20)  MySQL Community Server - GPL.
2020-06-24T11:31:32.746835+09:00 0 [Warning] [MY-011070] [Server] 'Disabling symbolic links using --skip-symbolic-links (or equivalent) is the default. Consider not using this option as it' is deprecated and will be removed in a future release.
2020-06-24T11:31:32.747025+09:00 0 [System] [MY-010116] [Server] /usr/sbin/mysqld (mysqld 8.0.20) starting as process 1
2020-06-24T11:31:32.762420+09:00 1 [System] [MY-013576] [InnoDB] InnoDB initialization has started.
2020-06-24T11:31:32.968254+09:00 1 [System] [MY-013577] [InnoDB] InnoDB initialization has ended.
2020-06-24T11:31:33.097623+09:00 0 [System] [MY-011323] [Server] X Plugin ready for connections. Socket: '/var/run/mysqld/mysqlx.sock' bind-address: '::' port: 33060
2020-06-24T11:31:33.164746+09:00 0 [Warning] [MY-010068] [Server] CA certificate ca.pem is self signed.
2020-06-24T11:31:33.169255+09:00 0 [Warning] [MY-011810] [Server] Insecure configuration for --pid-file: Location '/var/run/mysqld' in the path is accessible to all OS users. Consider choosing a different directory.
2020-06-24T11:31:33.207319+09:00 0 [System] [MY-010931] [Server] /usr/sbin/mysqld: ready for connections. Version: '8.0.20'  socket: '/var/run/mysqld/mysqld.sock'  port: 3306  MySQL Community Server - GPL.
2020-06-24T11:31:53.324226+09:00 0 [System] [MY-010910] [Server] /usr/sbin/mysqld: Shutdown complete (mysqld 8.0.20)  MySQL Community Server - GPL.
2020-06-24T02:32:10.241313-00:00 0 [Warning] [MY-011070] [Server] 'Disabling symbolic links using --skip-symbolic-links (or equivalent) is the default. Consider not using this option as it' is deprecated and will be removed in a future release.
2020-06-24T02:32:10.241656-00:00 0 [System] [MY-010116] [Server] /usr/sbin/mysqld (mysqld 8.0.20) starting as process 1
2020-06-24T02:32:10.269013-00:00 1 [System] [MY-013576] [InnoDB] InnoDB initialization has started.
2020-06-24T02:32:10.524764-00:00 1 [System] [MY-013577] [InnoDB] InnoDB initialization has ended.
2020-06-24T02:32:10.649157-00:00 0 [System] [MY-011323] [Server] X Plugin ready for connections. Socket: '/var/run/mysqld/mysqlx.sock' bind-address: '::' port: 33060
2020-06-24T02:32:10.727753-00:00 0 [Warning] [MY-010068] [Server] CA certificate ca.pem is self signed.
2020-06-24T02:32:10.731367-00:00 0 [Warning] [MY-011810] [Server] Insecure configuration for --pid-file: Location '/var/run/mysqld' in the path is accessible to all OS users. Consider choosing a different directory.
2020-06-24T02:32:10.761906-00:00 0 [System] [MY-010931] [Server] /usr/sbin/mysqld: ready for connections. Version: '8.0.20'  socket: '/var/run/mysqld/mysqld.sock'  port: 3306  MySQL Community Server - GPL.
2020-06-24T11:42:54.454272+09:00 0 [Warning] [MY-011070] [Server] 'Disabling symbolic links using --skip-symbolic-links (or equivalent) is the default. Consider not using this option as it' is deprecated and will be removed in a future release.
2020-06-24T11:42:54.455563+09:00 0 [System] [MY-013169] [Server] /usr/sbin/mysqld (mysqld 8.0.20) initializing of server in progress as process 43
2020-06-24T11:42:54.467479+09:00 1 [System] [MY-013576] [InnoDB] InnoDB initialization has started.
2020-06-24T11:42:55.156276+09:00 1 [System] [MY-013577] [InnoDB] InnoDB initialization has ended.
2020-06-24T11:42:56.660094+09:00 6 [Warning] [MY-010453] [Server] root@localhost is created with an empty password ! Please consider switching off the --initialize-insecure option.
2020-06-24T11:43:03.740239+09:00 0 [Warning] [MY-011070] [Server] 'Disabling symbolic links using --skip-symbolic-links (or equivalent) is the default. Consider not using this option as it' is deprecated and will be removed in a future release.
2020-06-24T11:43:03.740434+09:00 0 [System] [MY-010116] [Server] /usr/sbin/mysqld (mysqld 8.0.20) starting as process 90
2020-06-24T11:43:03.764377+09:00 1 [System] [MY-013576] [InnoDB] InnoDB initialization has started.
2020-06-24T11:43:04.164564+09:00 1 [System] [MY-013577] [InnoDB] InnoDB initialization has ended.
2020-06-24T11:43:04.335673+09:00 0 [System] [MY-011323] [Server] X Plugin ready for connections. Socket: '/var/run/mysqld/mysqlx.sock'
2020-06-24T11:43:04.543953+09:00 0 [Warning] [MY-010068] [Server] CA certificate ca.pem is self signed.
2020-06-24T11:43:04.546563+09:00 0 [Warning] [MY-011810] [Server] Insecure configuration for --pid-file: Location '/var/run/mysqld' in the path is accessible to all OS users. Consider choosing a different directory.
2020-06-24T11:43:04.589469+09:00 0 [System] [MY-010931] [Server] /usr/sbin/mysqld: ready for connections. Version: '8.0.20'  socket: '/var/run/mysqld/mysqld.sock'  port: 0  MySQL Community Server - GPL.
2020-06-24T11:43:10.665650+09:00 14 [System] [MY-013172] [Server] Received SHUTDOWN from user root. Shutting down mysqld (Version: 8.0.20).
2020-06-24T11:43:12.796814+09:00 0 [System] [MY-010910] [Server] /usr/sbin/mysqld: Shutdown complete (mysqld 8.0.20)  MySQL Community Server - GPL.
2020-06-24T11:43:13.890368+09:00 0 [Warning] [MY-011070] [Server] 'Disabling symbolic links using --skip-symbolic-links (or equivalent) is the default. Consider not using this option as it' is deprecated and will be removed in a future release.
2020-06-24T11:43:13.890641+09:00 0 [System] [MY-010116] [Server] /usr/sbin/mysqld (mysqld 8.0.20) starting as process 1
2020-06-24T11:43:13.904744+09:00 1 [System] [MY-013576] [InnoDB] InnoDB initialization has started.
2020-06-24T11:43:14.144069+09:00 1 [System] [MY-013577] [InnoDB] InnoDB initialization has ended.
2020-06-24T11:43:14.268772+09:00 0 [System] [MY-011323] [Server] X Plugin ready for connections. Socket: '/var/run/mysqld/mysqlx.sock' bind-address: '::' port: 33060
2020-06-24T11:43:14.424873+09:00 0 [Warning] [MY-010068] [Server] CA certificate ca.pem is self signed.
2020-06-24T11:43:14.429910+09:00 0 [Warning] [MY-011810] [Server] Insecure configuration for --pid-file: Location '/var/run/mysqld' in the path is accessible to all OS users. Consider choosing a different directory.
2020-06-24T11:43:14.458049+09:00 0 [System] [MY-010931] [Server] /usr/sbin/mysqld: ready for connections. Version: '8.0.20'  socket: '/var/run/mysqld/mysqld.sock'  port: 3306  MySQL Community Server - GPL.
mbind: Operation not permitted
mbind: Operation not permitted
2020-06-27T12:42:02.443960+09:00 0 [Warning] [MY-010909] [Server] /usr/sbin/mysqld: Forcing close of thread 137  user: 'user'.
2020-06-27T12:42:04.096322+09:00 0 [System] [MY-010910] [Server] /usr/sbin/mysqld: Shutdown complete (mysqld 8.0.20)  MySQL Community Server - GPL.
2020-06-27T12:42:10.088462+09:00 0 [Warning] [MY-011070] [Server] 'Disabling symbolic links using --skip-symbolic-links (or equivalent) is the default. Consider not using this option as it' is deprecated and will be removed in a future release.
2020-06-27T12:42:10.088656+09:00 0 [System] [MY-010116] [Server] /usr/sbin/mysqld (mysqld 8.0.20) starting as process 1
2020-06-27T12:42:10.107472+09:00 1 [System] [MY-013576] [InnoDB] InnoDB initialization has started.
2020-06-27T12:42:10.382569+09:00 1 [System] [MY-013577] [InnoDB] InnoDB initialization has ended.
2020-06-27T12:42:10.537595+09:00 0 [System] [MY-011323] [Server] X Plugin ready for connections. Socket: '/var/run/mysqld/mysqlx.sock' bind-address: '::' port: 33060
2020-06-27T12:42:10.618458+09:00 0 [Warning] [MY-010068] [Server] CA certificate ca.pem is self signed.
2020-06-27T12:42:10.621985+09:00 0 [Warning] [MY-011810] [Server] Insecure configuration for --pid-file: Location '/var/run/mysqld' in the path is accessible to all OS users. Consider choosing a different directory.
2020-06-27T12:42:10.657554+09:00 0 [System] [MY-010931] [Server] /usr/sbin/mysqld: ready for connections. Version: '8.0.20'  socket: '/var/run/mysqld/mysqld.sock'  port: 3306  MySQL Community Server - GPL.
mbind: Operation not permitted
mbind: Operation not permitted
